[2015-01-12 04:48:29] Processing list of user...
[2015-01-12 04:48:29] UserList complete
[2015-01-12 04:48:29] Array
(
    [success] => 1
    [data] => Array
        (
            [0] => Array
                (
                    [id] => 1
                    [name] => super admin
                    [email] => a
                    [password] => ad81864b7830c3480f5cc8b9c3c09865614245cb
                    [phone] => 4025789378
                    [user_type_id] => 1
                    [active] => Yes
                    [created_on] => 2015-01-01 17:46:35
                    [modified_on] => 2015-01-10 16:35:01
                    [created_by] => 1
                    [modified_by] => 1
                    [user_type] => Super Admin
                )

            [1] => Array
                (
                    [id] => 84
                    [name] => rt
                    [email] => rty
                    [password] => a2e3cc10f5c748a3001f8603741eeaeeac8f9e01
                    [phone] => rty
                    [user_type_id] => 1
                    [active] => No
                    [created_on] => 2015-01-10 19:22:19
                    [modified_on] => 2015-01-10 19:22:19
                    [created_by] => 1
                    [modified_by] => 1
                    [user_type] => Super Admin
                )

            [2] => Array
                (
                    [id] => 85
                    [name] => test
                    [email] => sa_mak@yahoo.com
                    [password] => 5e5da5eb913dd445016a184ac942efb7f2a12208
                    [phone] => (123) 123-1231
                    [user_type_id] => 1
                    [active] => No
                    [created_on] => 2015-01-10 19:43:20
                    [modified_on] => 2015-01-11 03:53:00
                    [created_by] => 1
                    [modified_by] => 1
                    [user_type] => Super Admin
                )

            [3] => Array
                (
                    [id] => 86
                    [name] => e rte
                    [email] => ert
                    [password] => 08e5fe2fed23862fec0c851a83c2d07efa7394f1
                    [phone] => ert
                    [user_type_id] => 1
                    [active] => Yes
                    [created_on] => 2015-01-10 20:43:26
                    [modified_on] => 2015-01-10 20:43:26
                    [created_by] => 1
                    [modified_by] => 1
                    [user_type] => Super Admin
                )

            [4] => Array
                (
                    [id] => 95
                    [name] => asd
                    [email] => qe@qwe.qwe
                    [password] => 70f6d67b34490ca6cb0583c9853a77ebd295092a
                    [phone] => (123) 123-1231
                    [user_type_id] => 1
                    [active] => Yes
                    [created_on] => 2015-01-10 23:59:08
                    [modified_on] => 2015-01-10 23:59:08
                    [created_by] => 4
                    [modified_by] => 4
                    [user_type] => Super Admin
                )

            [5] => Array
                (
                    [id] => 96
                    [name] => asd
                    [email] => sd@qw.qwe
                    [password] => 70f6d67b34490ca6cb0583c9853a77ebd295092a
                    [phone] => (234) 234-3242
                    [user_type_id] => 1
                    [active] => Yes
                    [created_on] => 2015-01-11 00:01:08
                    [modified_on] => 2015-01-11 17:22:54
                    [created_by] => 4
                    [modified_by] => 1
                    [user_type] => Super Admin
                )

            [6] => Array
                (
                    [id] => 110
                    [name] => qwe
                    [email] => werw@qwe.qwe
                    [password] => c4b1df87b0ec252830681c250645f26078be92b9
                    [phone] => (123) 123-1321
                    [user_type_id] => 1
                    [active] => No
                    [created_on] => 2015-01-11 13:08:35
                    [modified_on] => 2015-01-11 13:08:35
                    [created_by] => 1
                    [modified_by] => 1
                    [user_type] => Super Admin
                )

            [7] => Array
                (
                    [id] => 118
                    [name] => qwe
                    [email] => qwe@qwewq.qwe
                    [password] => c4b1df87b0ec252830681c250645f26078be92b9
                    [phone] => (132) 232-3123
                    [user_type_id] => 1
                    [active] => No
                    [created_on] => 2015-01-11 17:54:09
                    [modified_on] => 2015-01-11 17:54:09
                    [created_by] => 1
                    [modified_by] => 1
                    [user_type] => Super Admin
                )

            [8] => Array
                (
                    [id] => 119
                    [name] => asd
                    [email] => dfg@we.wer
                    [password] => c0aac26cbd4f73711d77cd3e4d77428958bda5e4
                    [phone] => (234) 234-2342
                    [user_type_id] => 1
                    [active] => No
                    [created_on] => 2015-01-11 18:43:10
                    [modified_on] => 2015-01-11 18:43:10
                    [created_by] => 1
                    [modified_by] => 1
                    [user_type] => Super Admin
                )

            [9] => Array
                (
                    [id] => 121
                    [name] => sf
                    [email] => sdf@Qwe.qwe
                    [password] => aa1d728b51927b6f659c424d645a94e9e47622fd
                    [phone] => (234) 242-3432
                    [user_type_id] => 1
                    [active] => No
                    [created_on] => 2015-01-11 21:19:27
                    [modified_on] => 2015-01-11 21:19:27
                    [created_by] => 1
                    [modified_by] => 1
                    [user_type] => Super Admin
                )

            [10] => Array
                (
                    [id] => 4
                    [name] => admin
                    [email] => adm
                    [password] => ad81864b7830c3480f5cc8b9c3c09865614245cb
                    [phone] => (123) 131-2321
                    [user_type_id] => 2
                    [active] => Yes
                    [created_on] => 2015-01-07 07:45:14
                    [modified_on] => 2015-01-10 17:58:28
                    [created_by] => 1
                    [modified_by] => 1
                    [user_type] => Admin
                )

            [11] => Array
                (
                    [id] => 113
                    [name] => wer
                    [email] => q@q.qqe
                    [password] => 5e5da5eb913dd445016a184ac942efb7f2a12208
                    [phone] => (234) 234-3243
                    [user_type_id] => 2
                    [active] => No
                    [created_on] => 2015-01-11 13:10:13
                    [modified_on] => 2015-01-11 13:10:13
                    [created_by] => 1
                    [modified_by] => 1
                    [user_type] => Admin
                )

            [12] => Array
                (
                    [id] => 117
                    [name] => zxczc
                    [email] => zxc@qwe.qwe
                    [password] => 675171cfbda0c15338998e8ec96c6b95a20abde8
                    [phone] => (234) 343-2424
                    [user_type_id] => 2
                    [active] => No
                    [created_on] => 2015-01-11 17:23:27
                    [modified_on] => 2015-01-11 17:23:27
                    [created_by] => 1
                    [modified_by] => 1
                    [user_type] => Admin
                )

            [13] => Array
                (
                    [id] => 120
                    [name] => ert
                    [email] => er@qew.wer
                    [password] => ecb3fdd38d96e3ba7bd95e3d27a61c089534641d
                    [phone] => (345) 435-4354
                    [user_type_id] => 2
                    [active] => No
                    [created_on] => 2015-01-11 18:43:26
                    [modified_on] => 2015-01-11 18:43:26
                    [created_by] => 1
                    [modified_by] => 1
                    [user_type] => Admin
                )

        )

)

[2015-01-12 04:48:29] {"success":1,"data":[{"id":1,"name":"super admin","email":"a","password":"ad81864b7830c3480f5cc8b9c3c09865614245cb","phone":"4025789378","user_type_id":1,"active":"Yes","created_on":"2015-01-01 17:46:35","modified_on":"2015-01-10 16:35:01","created_by":1,"modified_by":1,"user_type":"Super Admin"},{"id":84,"name":"rt","email":"rty","password":"a2e3cc10f5c748a3001f8603741eeaeeac8f9e01","phone":"rty","user_type_id":1,"active":"No","created_on":"2015-01-10 19:22:19","modified_on":"2015-01-10 19:22:19","created_by":1,"modified_by":1,"user_type":"Super Admin"},{"id":85,"name":"test","email":"sa_mak@yahoo.com","password":"5e5da5eb913dd445016a184ac942efb7f2a12208","phone":"(123) 123-1231","user_type_id":1,"active":"No","created_on":"2015-01-10 19:43:20","modified_on":"2015-01-11 03:53:00","created_by":1,"modified_by":1,"user_type":"Super Admin"},{"id":86,"name":"e rte","email":"ert","password":"08e5fe2fed23862fec0c851a83c2d07efa7394f1","phone":"ert","user_type_id":1,"active":"Yes","created_on":"2015-01-10 20:43:26","modified_on":"2015-01-10 20:43:26","created_by":1,"modified_by":1,"user_type":"Super Admin"},{"id":95,"name":"asd","email":"qe@qwe.qwe","password":"70f6d67b34490ca6cb0583c9853a77ebd295092a","phone":"(123) 123-1231","user_type_id":1,"active":"Yes","created_on":"2015-01-10 23:59:08","modified_on":"2015-01-10 23:59:08","created_by":4,"modified_by":4,"user_type":"Super Admin"},{"id":96,"name":"asd","email":"sd@qw.qwe","password":"70f6d67b34490ca6cb0583c9853a77ebd295092a","phone":"(234) 234-3242","user_type_id":1,"active":"Yes","created_on":"2015-01-11 00:01:08","modified_on":"2015-01-11 17:22:54","created_by":4,"modified_by":1,"user_type":"Super Admin"},{"id":110,"name":"qwe","email":"werw@qwe.qwe","password":"c4b1df87b0ec252830681c250645f26078be92b9","phone":"(123) 123-1321","user_type_id":1,"active":"No","created_on":"2015-01-11 13:08:35","modified_on":"2015-01-11 13:08:35","created_by":1,"modified_by":1,"user_type":"Super Admin"},{"id":118,"name":"qwe","email":"qwe@qwewq.qwe","password":"c4b1df87b0ec252830681c250645f26078be92b9","phone":"(132) 232-3123","user_type_id":1,"active":"No","created_on":"2015-01-11 17:54:09","modified_on":"2015-01-11 17:54:09","created_by":1,"modified_by":1,"user_type":"Super Admin"},{"id":119,"name":"asd","email":"dfg@we.wer","password":"c0aac26cbd4f73711d77cd3e4d77428958bda5e4","phone":"(234) 234-2342","user_type_id":1,"active":"No","created_on":"2015-01-11 18:43:10","modified_on":"2015-01-11 18:43:10","created_by":1,"modified_by":1,"user_type":"Super Admin"},{"id":121,"name":"sf","email":"sdf@Qwe.qwe","password":"aa1d728b51927b6f659c424d645a94e9e47622fd","phone":"(234) 242-3432","user_type_id":1,"active":"No","created_on":"2015-01-11 21:19:27","modified_on":"2015-01-11 21:19:27","created_by":1,"modified_by":1,"user_type":"Super Admin"},{"id":4,"name":"admin","email":"adm","password":"ad81864b7830c3480f5cc8b9c3c09865614245cb","phone":"(123) 131-2321","user_type_id":2,"active":"Yes","created_on":"2015-01-07 07:45:14","modified_on":"2015-01-10 17:58:28","created_by":1,"modified_by":1,"user_type":"Admin"},{"id":113,"name":"wer","email":"q@q.qqe","password":"5e5da5eb913dd445016a184ac942efb7f2a12208","phone":"(234) 234-3243","user_type_id":2,"active":"No","created_on":"2015-01-11 13:10:13","modified_on":"2015-01-11 13:10:13","created_by":1,"modified_by":1,"user_type":"Admin"},{"id":117,"name":"zxczc","email":"zxc@qwe.qwe","password":"675171cfbda0c15338998e8ec96c6b95a20abde8","phone":"(234) 343-2424","user_type_id":2,"active":"No","created_on":"2015-01-11 17:23:27","modified_on":"2015-01-11 17:23:27","created_by":1,"modified_by":1,"user_type":"Admin"},{"id":120,"name":"ert","email":"er@qew.wer","password":"ecb3fdd38d96e3ba7bd95e3d27a61c089534641d","phone":"(345) 435-4354","user_type_id":2,"active":"No","created_on":"2015-01-11 18:43:26","modified_on":"2015-01-11 18:43:26","created_by":1,"modified_by":1,"user_type":"Admin"}]}
[2015-01-12 04:48:53] Processing list of user...
[2015-01-12 04:48:53] UserList complete
[2015-01-12 04:48:53] Array
(
    [success] => 1
    [data] => Array
        (
            [0] => Array
                (
                    [id] => 1
                    [name] => super admin
                    [email] => a
                    [password] => ad81864b7830c3480f5cc8b9c3c09865614245cb
                    [phone] => 4025789378
                    [user_type_id] => 1
                    [active] => Yes
                    [created_on] => 2015-01-01 17:46:35
                    [modified_on] => 2015-01-10 16:35:01
                    [created_by] => 1
                    [modified_by] => 1
                    [user_type] => Super Admin
                )

            [1] => Array
                (
                    [id] => 84
                    [name] => rt
                    [email] => rty
                    [password] => a2e3cc10f5c748a3001f8603741eeaeeac8f9e01
                    [phone] => rty
                    [user_type_id] => 1
                    [active] => No
                    [created_on] => 2015-01-10 19:22:19
                    [modified_on] => 2015-01-10 19:22:19
                    [created_by] => 1
                    [modified_by] => 1
                    [user_type] => Super Admin
                )

            [2] => Array
                (
                    [id] => 85
                    [name] => test
                    [email] => sa_mak@yahoo.com
                    [password] => 5e5da5eb913dd445016a184ac942efb7f2a12208
                    [phone] => (123) 123-1231
                    [user_type_id] => 1
                    [active] => No
                    [created_on] => 2015-01-10 19:43:20
                    [modified_on] => 2015-01-11 03:53:00
                    [created_by] => 1
                    [modified_by] => 1
                    [user_type] => Super Admin
                )

            [3] => Array
                (
                    [id] => 86
                    [name] => e rte
                    [email] => ert
                    [password] => 08e5fe2fed23862fec0c851a83c2d07efa7394f1
                    [phone] => ert
                    [user_type_id] => 1
                    [active] => Yes
                    [created_on] => 2015-01-10 20:43:26
                    [modified_on] => 2015-01-10 20:43:26
                    [created_by] => 1
                    [modified_by] => 1
                    [user_type] => Super Admin
                )

            [4] => Array
                (
                    [id] => 95
                    [name] => asd
                    [email] => qe@qwe.qwe
                    [password] => 70f6d67b34490ca6cb0583c9853a77ebd295092a
                    [phone] => (123) 123-1231
                    [user_type_id] => 1
                    [active] => Yes
                    [created_on] => 2015-01-10 23:59:08
                    [modified_on] => 2015-01-10 23:59:08
                    [created_by] => 4
                    [modified_by] => 4
                    [user_type] => Super Admin
                )

            [5] => Array
                (
                    [id] => 96
                    [name] => asd
                    [email] => sd@qw.qwe
                    [password] => 70f6d67b34490ca6cb0583c9853a77ebd295092a
                    [phone] => (234) 234-3242
                    [user_type_id] => 1
                    [active] => Yes
                    [created_on] => 2015-01-11 00:01:08
                    [modified_on] => 2015-01-11 17:22:54
                    [created_by] => 4
                    [modified_by] => 1
                    [user_type] => Super Admin
                )

            [6] => Array
                (
                    [id] => 110
                    [name] => qwe
                    [email] => werw@qwe.qwe
                    [password] => c4b1df87b0ec252830681c250645f26078be92b9
                    [phone] => (123) 123-1321
                    [user_type_id] => 1
                    [active] => No
                    [created_on] => 2015-01-11 13:08:35
                    [modified_on] => 2015-01-11 13:08:35
                    [created_by] => 1
                    [modified_by] => 1
                    [user_type] => Super Admin
                )

            [7] => Array
                (
                    [id] => 118
                    [name] => qwe
                    [email] => qwe@qwewq.qwe
                    [password] => c4b1df87b0ec252830681c250645f26078be92b9
                    [phone] => (132) 232-3123
                    [user_type_id] => 1
                    [active] => No
                    [created_on] => 2015-01-11 17:54:09
                    [modified_on] => 2015-01-11 17:54:09
                    [created_by] => 1
                    [modified_by] => 1
                    [user_type] => Super Admin
                )

            [8] => Array
                (
                    [id] => 119
                    [name] => asd
                    [email] => dfg@we.wer
                    [password] => c0aac26cbd4f73711d77cd3e4d77428958bda5e4
                    [phone] => (234) 234-2342
                    [user_type_id] => 1
                    [active] => No
                    [created_on] => 2015-01-11 18:43:10
                    [modified_on] => 2015-01-11 18:43:10
                    [created_by] => 1
                    [modified_by] => 1
                    [user_type] => Super Admin
                )

            [9] => Array
                (
                    [id] => 121
                    [name] => sf
                    [email] => sdf@Qwe.qwe
                    [password] => aa1d728b51927b6f659c424d645a94e9e47622fd
                    [phone] => (234) 242-3432
                    [user_type_id] => 1
                    [active] => No
                    [created_on] => 2015-01-11 21:19:27
                    [modified_on] => 2015-01-11 21:19:27
                    [created_by] => 1
                    [modified_by] => 1
                    [user_type] => Super Admin
                )

            [10] => Array
                (
                    [id] => 4
                    [name] => admin
                    [email] => adm
                    [password] => ad81864b7830c3480f5cc8b9c3c09865614245cb
                    [phone] => (123) 131-2321
                    [user_type_id] => 2
                    [active] => Yes
                    [created_on] => 2015-01-07 07:45:14
                    [modified_on] => 2015-01-10 17:58:28
                    [created_by] => 1
                    [modified_by] => 1
                    [user_type] => Admin
                )

            [11] => Array
                (
                    [id] => 113
                    [name] => wer
                    [email] => q@q.qqe
                    [password] => 5e5da5eb913dd445016a184ac942efb7f2a12208
                    [phone] => (234) 234-3243
                    [user_type_id] => 2
                    [active] => No
                    [created_on] => 2015-01-11 13:10:13
                    [modified_on] => 2015-01-11 13:10:13
                    [created_by] => 1
                    [modified_by] => 1
                    [user_type] => Admin
                )

            [12] => Array
                (
                    [id] => 117
                    [name] => zxczc
                    [email] => zxc@qwe.qwe
                    [password] => 675171cfbda0c15338998e8ec96c6b95a20abde8
                    [phone] => (234) 343-2424
                    [user_type_id] => 2
                    [active] => No
                    [created_on] => 2015-01-11 17:23:27
                    [modified_on] => 2015-01-11 17:23:27
                    [created_by] => 1
                    [modified_by] => 1
                    [user_type] => Admin
                )

            [13] => Array
                (
                    [id] => 120
                    [name] => ert
                    [email] => er@qew.wer
                    [password] => ecb3fdd38d96e3ba7bd95e3d27a61c089534641d
                    [phone] => (345) 435-4354
                    [user_type_id] => 2
                    [active] => No
                    [created_on] => 2015-01-11 18:43:26
                    [modified_on] => 2015-01-11 18:43:26
                    [created_by] => 1
                    [modified_by] => 1
                    [user_type] => Admin
                )

        )

)

